\BOOKMARK [0][-]{chapter.1}{\376\377\000I\000n\000t\000r\000o\000d\000u\000c\000t\000i\000o\000n}{}% 1
\BOOKMARK [0][-]{chapter.2}{\376\377\000R\000e\000c\000o\000n\000s\000t\000r\000u\000c\000t\000i\000o\000n\000-\000C\000o\000m\000p\000u\000t\000a\000t\000i\000o\000n\000-\000Q\000u\000a\000n\000t\000i\000z\000a\000t\000i\000o\000n\000\040\000\050\000R\000C\000Q\000\051\000:\000\040\000A\000\040\000P\000a\000r\000a\000d\000i\000g\000m\000\040\000f\000o\000r\000\040\000L\000o\000w\000\040\000B\000i\000t\000\040\000W\000i\000d\000t\000h\000\040\000L\000D\000P\000C\000\040\000D\000e\000c\000o\000d\000i\000n\000g}{}% 2
\BOOKMARK [1][-]{section.2.1}{\376\377\000I\000n\000t\000r\000o\000d\000u\000c\000t\000i\000o\000n}{chapter.2}% 3
\BOOKMARK [2][-]{subsection.2.1.1}{\376\377\000C\000o\000n\000t\000r\000i\000b\000u\000t\000i\000o\000n\000s}{section.2.1}% 4
\BOOKMARK [2][-]{subsection.2.1.2}{\376\377\000O\000r\000g\000a\000n\000i\000z\000a\000t\000i\000o\000n}{section.2.1}% 5
\BOOKMARK [1][-]{section.2.2}{\376\377\000T\000h\000e\000\040\000R\000C\000Q\000\040\000D\000e\000c\000o\000d\000i\000n\000g\000\040\000S\000t\000r\000u\000c\000t\000u\000r\000e}{chapter.2}% 6
\BOOKMARK [2][-]{subsection.2.2.1}{\376\377\000G\000e\000n\000e\000r\000a\000l\000i\000z\000e\000d\000\040\000R\000C\000Q\000\040\000U\000n\000i\000t}{section.2.2}% 7
\BOOKMARK [2][-]{subsection.2.2.2}{\376\377\000B\000i\000t\000\040\000W\000i\000d\000t\000h\000\040\000o\000f\000\040\000R\000C\000Q\000\040\000d\000e\000c\000o\000d\000e\000r}{section.2.2}% 8
\BOOKMARK [2][-]{subsection.2.2.3}{\376\377\000F\000P\000G\000A\000\040\000I\000m\000p\000l\000e\000m\000e\000n\000t\000a\000t\000i\000o\000n\000\040\000f\000o\000r\000\040\000R\000C\000Q}{section.2.2}% 9
\BOOKMARK [1][-]{section.2.3}{\376\377\000H\000i\000e\000r\000a\000r\000c\000h\000i\000c\000a\000l\000\040\000D\000y\000n\000a\000m\000i\000c\000\040\000Q\000u\000a\000n\000t\000i\000z\000a\000t\000i\000o\000n\000\040\000\050\000H\000D\000Q\000\051\000\040}{chapter.2}% 10
\BOOKMARK [2][-]{subsection.2.3.1}{\376\377\000M\000o\000t\000i\000v\000a\000t\000i\000o\000n}{section.2.3}% 11
\BOOKMARK [2][-]{subsection.2.3.2}{\376\377\000T\000h\000e\000\040\000H\000D\000Q\000\040\000A\000l\000g\000o\000r\000i\000t\000h\000m}{section.2.3}% 12
\BOOKMARK [2][-]{subsection.2.3.3}{\376\377\000G\000o\000l\000d\000e\000n\000-\000S\000e\000c\000t\000i\000o\000n\000\040\000S\000e\000a\000r\000c\000h\000\040\000a\000n\000d\000\040\000C\000o\000m\000p\000l\000e\000x\000i\000t\000y\000\040\000A\000n\000a\000l\000y\000s\000i\000s}{section.2.3}% 13
\BOOKMARK [2][-]{subsection.2.3.4}{\376\377\000C\000o\000m\000p\000a\000r\000i\000n\000g\000\040\000H\000D\000Q\000\040\000w\000i\000t\000h\000\040\000O\000p\000t\000i\000m\000a\000l\000\040\000D\000y\000n\000a\000m\000i\000c\000\040\000P\000r\000o\000g\000r\000a\000m\000m\000i\000n\000g}{section.2.3}% 14
\BOOKMARK [2][-]{subsection.2.3.5}{\376\377\000S\000i\000m\000u\000l\000a\000t\000i\000o\000n\000\040\000R\000e\000s\000u\000l\000t}{section.2.3}% 15
\BOOKMARK [1][-]{section.2.4}{\376\377\000F\000l\000o\000o\000d\000i\000n\000g\000-\000s\000c\000h\000e\000d\000u\000l\000e\000d\000\040\000R\000C\000Q\000\040\000D\000e\000c\000o\000d\000e\000r}{chapter.2}% 16
\BOOKMARK [2][-]{subsection.2.4.1}{\376\377\000M\000I\000M\000-\000D\000D\000E\000\040\000a\000t\000\040\000c\000h\000e\000c\000k\000\040\000n\000o\000d\000e}{section.2.4}% 17
\BOOKMARK [2][-]{subsection.2.4.2}{\376\377\000M\000I\000M\000-\000D\000D\000E\000\040\000a\000t\000\040\000v\000a\000r\000i\000a\000b\000l\000e\000\040\000n\000o\000d\000e}{section.2.4}% 18
\BOOKMARK [2][-]{subsection.2.4.3}{\376\377\000T\000h\000r\000e\000s\000h\000o\000l\000d}{section.2.4}% 19
\BOOKMARK [1][-]{section.2.5}{\376\377\000L\000a\000y\000e\000r\000e\000d\000-\000s\000c\000h\000e\000d\000u\000l\000e\000d\000\040\000R\000C\000Q\000\040\000D\000e\000c\000o\000d\000e\000r}{chapter.2}% 20
\BOOKMARK [2][-]{subsection.2.5.1}{\376\377\000D\000e\000c\000o\000d\000i\000n\000g\000\040\000a\000\040\000Q\000u\000a\000s\000i\000-\000C\000y\000c\000l\000i\000c\000\040\000L\000D\000P\000C\000\040\000C\000o\000d\000e\000\040\000w\000i\000t\000h\000\040\000a\000\040\000L\000a\000y\000e\000r\000e\000d\000\040\000S\000c\000h\000e\000d\000u\000l\000e}{section.2.5}% 21
\BOOKMARK [2][-]{subsection.2.5.2}{\376\377\000R\000e\000p\000r\000e\000s\000e\000n\000t\000a\000t\000i\000o\000n\000\040\000M\000i\000s\000m\000a\000t\000c\000h\000\040\000P\000r\000o\000b\000l\000e\000m}{section.2.5}% 22
\BOOKMARK [2][-]{subsection.2.5.3}{\376\377\000L\000a\000y\000e\000r\000-\000S\000p\000e\000c\000i\000f\000i\000c\000\040\000R\000C\000Q\000\040\000D\000e\000s\000i\000g\000n}{section.2.5}% 23
\BOOKMARK [2][-]{subsection.2.5.4}{\376\377\000T\000h\000r\000e\000s\000h\000o\000l\000d}{section.2.5}% 24
\BOOKMARK [1][-]{section.2.6}{\376\377\000S\000i\000m\000u\000l\000a\000t\000i\000o\000n\000\040\000R\000e\000s\000u\000l\000t\000\040\000a\000n\000d\000\040\000D\000i\000s\000c\000u\000s\000s\000i\000o\000n}{chapter.2}% 25
\BOOKMARK [2][-]{subsection.2.6.1}{\376\377\000I\000E\000E\000E\000\040\0008\0000\0002\000.\0001\0001\000\040\000S\000t\000a\000n\000d\000a\000r\000d\000\040\000L\000D\000P\000C\000\040\000C\000o\000d\000e}{section.2.6}% 26
\BOOKMARK [2][-]{subsection.2.6.2}{\376\377\000\050\0009\0004\0007\0002\000,\000\040\0008\0001\0009\0002\000\051\000\040\000Q\000C\000-\000L\000D\000P\000C\000\040\000c\000o\000d\000e}{section.2.6}% 27
\BOOKMARK [1][-]{section.2.7}{\376\377\000C\000o\000n\000c\000l\000u\000s\000i\000o\000n}{chapter.2}% 28
\BOOKMARK [0][-]{chapter.3}{\376\377\000R\000C\000Q\000\040\000L\000D\000P\000C\000\040\000D\000e\000c\000o\000d\000i\000n\000g\000\040\000w\000i\000t\000h\000\040\000D\000e\000g\000r\000e\000e\000-\000S\000p\000e\000c\000i\000f\000i\000c\000\040\000N\000e\000u\000r\000a\000l\000\040\000E\000d\000g\000e\000\040\000W\000e\000i\000g\000h\000t\000s}{}% 29
\BOOKMARK [1][-]{section.3.1}{\376\377\000I\000n\000t\000r\000o\000d\000u\000c\000t\000i\000o\000n}{chapter.3}% 30
\BOOKMARK [2][-]{subsection.3.1.1}{\376\377\000C\000o\000n\000t\000r\000i\000b\000u\000t\000i\000o\000n}{section.3.1}% 31
\BOOKMARK [2][-]{subsection.3.1.2}{\376\377\000O\000r\000g\000a\000n\000i\000z\000a\000t\000i\000o\000n}{section.3.1}% 32
\BOOKMARK [1][-]{section.3.2}{\376\377\000T\000r\000a\000i\000n\000i\000n\000g\000\040\000N\000e\000u\000r\000a\000l\000\040\000M\000i\000n\000S\000u\000m\000\040\000D\000e\000c\000o\000d\000e\000r\000s\000\040\000f\000o\000r\000\040\000L\000o\000n\000g\000\040\000B\000l\000o\000c\000k\000l\000e\000n\000g\000t\000h\000\040\000C\000o\000d\000e\000s}{chapter.3}% 33
\BOOKMARK [2][-]{subsection.3.2.1}{\376\377\000F\000o\000r\000w\000a\000r\000d\000\040\000P\000r\000o\000p\000a\000g\000a\000t\000i\000o\000n\000\040\000o\000f\000\040\000N\000-\000N\000M\000S\000\040\000D\000e\000c\000o\000d\000e\000r}{section.3.2}% 34
\BOOKMARK [2][-]{subsection.3.2.2}{\376\377\000B\000a\000c\000k\000w\000a\000r\000d\000\040\000P\000r\000o\000p\000a\000g\000a\000t\000i\000o\000n\000\040\000o\000f\000\040\000N\000-\000N\000M\000S}{section.3.2}% 35
\BOOKMARK [2][-]{subsection.3.2.3}{\376\377\000P\000o\000s\000t\000e\000r\000i\000o\000r\000\040\000J\000o\000i\000n\000t\000l\000y\000\040\000T\000r\000a\000i\000n\000i\000n\000g}{section.3.2}% 36
\BOOKMARK [1][-]{section.3.3}{\376\377\000N\000o\000d\000e\000-\000D\000e\000g\000r\000e\000e\000-\000B\000a\000s\000e\000d\000\040\000W\000e\000i\000g\000h\000t\000\040\000S\000h\000a\000r\000i\000n\000g}{chapter.3}% 37
\BOOKMARK [2][-]{subsection.3.3.1}{\376\377\000M\000o\000t\000i\000v\000a\000t\000i\000o\000n}{section.3.3}% 38
\BOOKMARK [2][-]{subsection.3.3.2}{\376\377\000N\000e\000u\000r\000a\000l\000\040\0002\000D\000\040\000N\000o\000r\000m\000a\000l\000i\000z\000e\000d\000\040\000M\000i\000n\000S\000u\000m\000\040\000D\000e\000c\000o\000d\000e\000r\000s}{section.3.3}% 39
\BOOKMARK [2][-]{subsection.3.3.3}{\376\377\000N\000e\000u\000r\000a\000l\000\040\0002\000D\000\040\000O\000f\000f\000s\000e\000t\000\040\000M\000i\000n\000S\000u\000m\000\040\000D\000e\000c\000o\000d\000e\000r}{section.3.3}% 40
\BOOKMARK [2][-]{subsection.3.3.4}{\376\377\000H\000y\000b\000r\000i\000d\000\040\000N\000e\000u\000r\000a\000l\000\040\000D\000e\000c\000o\000d\000e\000r}{section.3.3}% 41
\BOOKMARK [1][-]{section.3.4}{\376\377\000W\000e\000i\000g\000h\000t\000e\000d\000\040\000R\000C\000Q\000\040\000D\000e\000c\000o\000d\000e\000r}{chapter.3}% 42
\BOOKMARK [2][-]{subsection.3.4.1}{\376\377\000S\000t\000r\000u\000c\000t\000u\000r\000e}{section.3.4}% 43
\BOOKMARK [2][-]{subsection.3.4.2}{\376\377\000N\000o\000n\000-\000U\000n\000i\000f\000o\000r\000m\000\040\000Q\000u\000a\000n\000t\000i\000z\000e\000r}{section.3.4}% 44
\BOOKMARK [2][-]{subsection.3.4.3}{\376\377\000T\000r\000a\000i\000n\000i\000n\000g\000\040\000Q\000u\000a\000n\000t\000i\000z\000e\000d\000\040\000N\000e\000u\000r\000a\000l\000\040\000N\000e\000t\000w\000o\000r\000k}{section.3.4}% 45
\BOOKMARK [2][-]{subsection.3.4.4}{\376\377\000F\000i\000x\000e\000d\000-\000P\000o\000i\000n\000t\000\040\000W\000-\000R\000C\000Q\000\040\000d\000e\000c\000o\000d\000e\000r}{section.3.4}% 46
\BOOKMARK [1][-]{section.3.5}{\376\377\000S\000i\000m\000u\000l\000a\000t\000i\000o\000n\000\040\000R\000e\000s\000u\000l\000t\000\040\000a\000n\000d\000\040\000D\000i\000s\000c\000u\000s\000s\000i\000o\000n}{chapter.3}% 47
\BOOKMARK [2][-]{subsection.3.5.1}{\376\377\000\050\0001\0006\0002\0000\0000\000,\0007\0002\0000\0000\000\051\000\040\000D\000V\000B\000S\000-\0002\000\040\000L\000D\000P\000C\000\040\000c\000o\000d\000e}{section.3.5}% 48
\BOOKMARK [2][-]{subsection.3.5.2}{\376\377\000\050\0009\0004\0007\0002\000,\0008\0001\0009\0002\000\051\000\040\000Q\000u\000a\000s\000i\000-\000C\000y\000c\000l\000i\000c\000\040\000L\000D\000P\000C\000\040\000c\000o\000d\000e}{section.3.5}% 49
\BOOKMARK [1][-]{section.3.6}{\376\377\000C\000o\000n\000c\000l\000u\000s\000i\000o\000n}{chapter.3}% 50
\BOOKMARK [0][-]{chapter.4}{\376\377\000P\000r\000o\000b\000a\000b\000i\000l\000i\000s\000t\000i\000c\000\040\000S\000h\000a\000p\000i\000n\000g\000\040\000f\000o\000r\000\040\000T\000r\000e\000l\000l\000i\000s\000-\000C\000o\000d\000e\000d\000\040\000M\000o\000d\000u\000l\000a\000t\000i\000o\000n\000\040\000w\000i\000t\000h\000\040\000C\000R\000C\000-\000A\000i\000d\000e\000d\000\040\000L\000i\000s\000t\000\040\000D\000e\000c\000o\000d\000i\000n\000g}{}% 51
\BOOKMARK [1][-]{section.4.1}{\376\377\000I\000n\000t\000r\000o\000d\000u\000c\000t\000i\000o\000n}{chapter.4}% 52
\BOOKMARK [2][-]{subsection.4.1.1}{\376\377\000C\000o\000n\000t\000r\000i\000b\000u\000t\000i\000o\000n\000s}{section.4.1}% 53
\BOOKMARK [2][-]{subsection.4.1.2}{\376\377\000O\000r\000g\000a\000n\000i\000z\000a\000t\000i\000o\000n}{section.4.1}% 54
\BOOKMARK [2][-]{subsection.4.1.3}{\376\377\000N\000o\000t\000a\000t\000i\000o\000n}{section.4.1}% 55
\BOOKMARK [2][-]{subsection.4.1.4}{\376\377\000P\000r\000e\000l\000i\000m\000i\000n\000a\000r\000i\000e\000s}{section.4.1}% 56
\BOOKMARK [2][-]{subsection.4.1.5}{\376\377\000M\000u\000l\000t\000i\000-\000C\000o\000m\000p\000o\000s\000i\000t\000i\000o\000n\000\040\000D\000i\000s\000t\000r\000i\000b\000u\000t\000i\000o\000n\000\040\000M\000a\000t\000c\000h\000e\000r\000\040}{section.4.1}% 57
\BOOKMARK [2][-]{subsection.4.1.6}{\376\377\000C\000o\000m\000p\000a\000r\000i\000s\000o\000n}{section.4.1}% 58
\BOOKMARK [1][-]{section.4.2}{\376\377\000C\000R\000C\000-\000T\000C\000M\000-\000P\000A\000S\000\040\000S\000y\000s\000t\000e\000m}{chapter.4}% 59
\BOOKMARK [2][-]{subsection.4.2.1}{\376\377\000C\000R\000C\000-\000T\000C\000M\000-\000P\000A\000S\000\040\000T\000r\000a\000n\000s\000m\000i\000s\000s\000i\000o\000n\000\040\000S\000y\000s\000t\000e\000m\000\040\000S\000t\000r\000u\000c\000t\000u\000r\000e}{section.4.2}% 60
\BOOKMARK [2][-]{subsection.4.2.2}{\376\377\000D\000e\000c\000o\000d\000i\000n\000g\000\040\000A\000l\000g\000o\000r\000i\000t\000h\000m\000s}{section.4.2}% 61
\BOOKMARK [1][-]{section.4.3}{\376\377\000C\000h\000a\000n\000n\000e\000l\000\040\000I\000n\000p\000u\000t\000\040\000D\000i\000s\000t\000r\000i\000b\000u\000t\000i\000o\000n\000\040\000o\000f\000\040\000C\000R\000C\000-\000T\000C\000M\000-\000P\000A\000S\000\040\000S\000y\000s\000t\000e\000m\000\040}{chapter.4}% 62
\BOOKMARK [2][-]{subsection.4.3.1}{\376\377\000U\000n\000i\000f\000o\000r\000m\000i\000t\000y\000\040\000o\000f\000\040\000C\000R\000C\000\040\000b\000i\000t\000s}{section.4.3}% 63
\BOOKMARK [2][-]{subsection.4.3.2}{\376\377\000S\000y\000m\000m\000e\000t\000r\000y\000\040\000o\000f\000\040\000C\000h\000a\000n\000n\000e\000l\000\040\000I\000n\000p\000u\000t\000\040\000D\000i\000s\000t\000r\000i\000b\000u\000t\000i\000o\000n}{section.4.3}% 64
\BOOKMARK [1][-]{section.4.4}{\376\377\000F\000E\000R\000\040\000U\000p\000p\000e\000r\000\040\000B\000o\000u\000n\000d\000\040\000f\000o\000r\000\040\000C\000R\000C\000-\000T\000C\000M\000-\000P\000A\000S\000\040\000S\000y\000s\000t\000e\000m}{chapter.4}% 65
\BOOKMARK [2][-]{subsection.4.4.1}{\376\377\000E\000q\000u\000i\000v\000a\000l\000e\000n\000t\000\040\000C\000o\000d\000e\000\040\000f\000o\000r\000\040\000C\000R\000C\000-\000A\000i\000d\000e\000d\000\040\000C\000o\000n\000v\000o\000l\000u\000t\000i\000o\000n\000a\000l\000\040\000C\000o\000d\000e}{section.4.4}% 66
\BOOKMARK [2][-]{subsection.4.4.2}{\376\377\000F\000E\000R\000\040\000U\000p\000p\000e\000r\000\040\000B\000o\000u\000n\000d}{section.4.4}% 67
\BOOKMARK [2][-]{subsection.4.4.3}{\376\377\000G\000e\000n\000e\000r\000a\000t\000i\000n\000g\000\040\000F\000u\000n\000c\000t\000i\000o\000n\000\040\000w\000i\000t\000h\000\040\000S\000t\000a\000t\000e\000-\000R\000e\000d\000u\000c\000t\000i\000o\000n\000\040\000M\000e\000t\000h\000o\000d}{section.4.4}% 68
\BOOKMARK [1][-]{section.4.5}{\376\377\000S\000i\000m\000u\000l\000a\000t\000i\000o\000n\000\040\000r\000e\000s\000u\000l\000t\000s}{chapter.4}% 69
\BOOKMARK [1][-]{section.4.6}{\376\377\000C\000o\000n\000c\000l\000u\000s\000i\000o\000n}{chapter.4}% 70
\BOOKMARK [0][-]{chapter.5}{\376\377\000R\000a\000t\000e\000-\000M\000a\000t\000c\000h\000e\000d\000\040\000T\000u\000r\000b\000o\000\040\000A\000u\000t\000o\000e\000n\000c\000o\000d\000e\000r\000:\000\040\000A\000\040\000D\000e\000e\000p\000\040\000L\000e\000a\000r\000n\000i\000n\000g\000\040\000B\000a\000s\000e\000d\000\040\000M\000u\000l\000t\000i\000-\000R\000a\000t\000e\000\040\000C\000h\000a\000n\000n\000e\000l\000\040\000A\000u\000t\000o\000e\000n\000c\000o\000d\000e\000r}{}% 71
\BOOKMARK [1][-]{section.5.1}{\376\377\000I\000n\000t\000r\000o\000d\000u\000c\000t\000i\000o\000n}{chapter.5}% 72
\BOOKMARK [1][-]{section.5.2}{\376\377\000C\000o\000n\000t\000r\000i\000b\000u\000t\000i\000o\000n}{chapter.5}% 73
\BOOKMARK [2][-]{subsection.5.2.1}{\376\377\000O\000r\000g\000a\000n\000i\000z\000a\000t\000i\000o\000n}{section.5.2}% 74
\BOOKMARK [1][-]{section.5.3}{\376\377\000T\000u\000r\000b\000o\000\040\000A\000u\000t\000o\000e\000n\000c\000o\000d\000e\000r}{chapter.5}% 75
\BOOKMARK [2][-]{subsection.5.3.1}{\376\377\000T\000A\000E\000\040\000E\000n\000c\000o\000d\000e\000r}{section.5.3}% 76
\BOOKMARK [2][-]{subsection.5.3.2}{\376\377\000T\000A\000E\000\040\000D\000e\000c\000o\000d\000e\000r}{section.5.3}% 77
\BOOKMARK [1][-]{section.5.4}{\376\377\000R\000a\000t\000e\000-\000M\000a\000t\000c\000h\000e\000d\000\040\000T\000A\000E}{chapter.5}% 78
\BOOKMARK [2][-]{subsection.5.4.1}{\376\377\000M\000o\000t\000i\000v\000a\000t\000i\000o\000n}{section.5.4}% 79
\BOOKMARK [2][-]{subsection.5.4.2}{\376\377\000R\000a\000t\000e\000-\000m\000a\000t\000c\000h\000e\000d\000\040\000T\000A\000E\000\040\000S\000t\000r\000u\000c\000t\000u\000r\000e}{section.5.4}% 80
\BOOKMARK [2][-]{subsection.5.4.3}{\376\377\000T\000r\000a\000i\000n\000i\000n\000g\000\040\000M\000e\000t\000h\000o\000d\000o\000l\000o\000g\000y}{section.5.4}% 81
\BOOKMARK [2][-]{subsection.5.4.4}{\376\377\000T\000r\000a\000i\000n\000i\000n\000g\000\040\000S\000N\000R\000s}{section.5.4}% 82
\BOOKMARK [1][-]{section.5.5}{\376\377\000S\000i\000m\000u\000l\000a\000t\000i\000o\000n\000\040\000R\000e\000s\000u\000l\000t\000s}{chapter.5}% 83
\BOOKMARK [1][-]{section.5.6}{\376\377\000C\000o\000n\000c\000l\000u\000s\000i\000o\000n}{chapter.5}% 84
\BOOKMARK [0][-]{chapter*.4}{\376\377\000R\000e\000f\000e\000r\000e\000n\000c\000e\000s}{}% 85
